<?xml version="1.0" encoding="UTF-8"?>
<testng-results ignored="0" total="1" passed="1" failed="0" skipped="0">
  <reporter-output>
  </reporter-output>
  <suite started-at="2023-05-02T13:50:34Z" name="org.example.testing.AppTest" finished-at="2023-05-02T13:50:34Z" duration-ms="30">
    <groups>
    </groups>
    <test started-at="2023-05-02T13:50:34Z" name="Command line test" finished-at="2023-05-02T13:50:34Z" duration-ms="30">
      <class name="org.example.testing.AppTest">
        <test-method signature="test()[pri:0, instance:org.example.testing.AppTest@17d677df]" started-at="2023-05-02T13:50:34Z" name="test" finished-at="2023-05-02T13:50:34Z" duration-ms="9" status="PASS">
          <reporter-output>
          </reporter-output>
        </test-method> <!-- test -->
      </class> <!-- org.example.testing.AppTest -->
    </test> <!-- Command line test -->
  </suite> <!-- org.example.testing.AppTest -->
</testng-results>
